{
  "numFailedTestSuites": 0,
  "numFailedTests": 0,
  "numPassedTestSuites": 1,
  "numPassedTests": 1,
  "numPendingTestSuites": 0,
  "numPendingTests": 0,
  "numRuntimeErrorTestSuites": 0,
  "numTodoTests": 0,
  "numTotalTestSuites": 1,
  "numTotalTests": 1,
  "openHandles": [],
  "snapshot": {
    "added": 0,
    "didUpdate": false,
    "failure": false,
    "filesAdded": 0,
    "filesRemoved": 0,
    "filesRemovedList": [],
    "filesUnmatched": 0,
    "filesUpdated": 0,
    "matched": 0,
    "total": 0,
    "unchecked": 0,
    "uncheckedKeysByFile": [],
    "unmatched": 0,
    "updated": 0
  },
  "startTime": 1644435058462,
  "success": false,
  "testResults": [
    {
      "leaks": false,
      "numFailingTests": 0,
      "numPassingTests": 1,
      "numPendingTests": 0,
      "numTodoTests": 0,
      "openHandles": [],
      "perfStats": {
        "end": 1644435059062,
        "runtime": 272,
        "slow": false,
        "start": 1644435058790
      },
      "skipped": false,
      "snapshot": {
        "added": 0,
        "fileDeleted": false,
        "matched": 0,
        "unchecked": 0,
        "uncheckedKeys": [],
        "unmatched": 0,
        "updated": 0
      },
      "testFilePath": "/home/ericstanley/Documents/github/listicle/__tests__/jest-supertest/auth/auth.test.js",
      "testResults": [
        {
          "ancestorTitles": [],
          "duration": 8,
          "failureDetails": [],
          "failureMessages": [],
          "fullName": "Login to the application",
          "invocations": 1,
          "location": null,
          "numPassingAsserts": 0,
          "status": "passed",
          "title": "Login to the application"
        }
      ],
      "failureMessage": null
    }
  ],
  "wasInterrupted": false,
  "coverageMap": {
    "/home/ericstanley/Documents/github/listicle/__tests__/testHelper.js": {
      "path": "/home/ericstanley/Documents/github/listicle/__tests__/testHelper.js",
      "statementMap": {
        "0": {
          "start": {
            "line": 1,
            "column": 14
          },
          "end": {
            "line": 1,
            "column": 30
          }
        },
        "1": {
          "start": {
            "line": 2,
            "column": 13
          },
          "end": {
            "line": 2,
            "column": 28
          }
        },
        "2": {
          "start": {
            "line": 3,
            "column": 18
          },
          "end": {
            "line": 3,
            "column": 39
          }
        },
        "3": {
          "start": {
            "line": 4,
            "column": 18
          },
          "end": {
            "line": 4,
            "column": 38
          }
        },
        "4": {
          "start": {
            "line": 6,
            "column": 19
          },
          "end": {
            "line": 6,
            "column": 23
          }
        },
        "5": {
          "start": {
            "line": 7,
            "column": 0
          },
          "end": {
            "line": 7,
            "column": 20
          }
        },
        "6": {
          "start": {
            "line": 9,
            "column": 0
          },
          "end": {
            "line": 14,
            "column": 2
          }
        }
      },
      "fnMap": {},
      "branchMap": {},
      "s": {
        "0": 1,
        "1": 1,
        "2": 1,
        "3": 1,
        "4": 1,
        "5": 1,
        "6": 1
      },
      "f": {},
      "b": {},
      "inputSourceMap": null,
      "_coverageSchema": "1a1c01bbd47fc00a2c39e90264f33305004495a9",
      "hash": "70101e9eea5d08744b621a40e339de21e52e8cf2"
    }
  }
}